[0808/200525.337:ERROR:process_memory_win.cc(73)] ReadMemory at 0x7ff7daec0000 of 64 bytes failed: Only part of a ReadProcessMemory or WriteProcessMemory request was completed. (0x12B)
[0808/200525.353:WARNING:pe_image_reader.cc(340)] could not read dos header from C:\Program Files (x86)\Google\Chrome\Application\chrome.exe
[0808/200525.353:ERROR:process_memory_win.cc(73)] ReadMemory at 0x7ffcea5d0000 of 64 bytes failed: Only part of a ReadProcessMemory or WriteProcessMemory request was completed. (0x12B)
[0808/200525.353:WARNING:pe_image_reader.cc(340)] could not read dos header from C:\Windows\SYSTEM32\ntdll.dll
[0808/200525.353:ERROR:process_memory_win.cc(73)] ReadMemory at 0x7ffce80c0000 of 64 bytes failed: Only part of a ReadProcessMemory or WriteProcessMemory request was completed. (0x12B)
[0808/200525.353:WARNING:pe_image_reader.cc(340)] could not read dos header from C:\Windows\system32\KERNEL32.DLL
[0808/200525.353:ERROR:process_memory_win.cc(73)] ReadMemory at 0x7ffce7850000 of 64 bytes failed: Only part of a ReadProcessMemory or WriteProcessMemory request was completed. (0x12B)
[0808/200525.353:WARNING:pe_image_reader.cc(340)] could not read dos header from C:\Windows\system32\KERNELBASE.dll
[0808/200525.353:ERROR:process_memory_win.cc(73)] ReadMemory at 0x7ffcd3aa0000 of 64 bytes failed: Only part of a ReadProcessMemory or WriteProcessMemory request was completed. (0x12B)
[0808/200525.353:WARNING:pe_image_reader.cc(340)] could not read dos header from C:\Program Files (x86)\Google\Chrome\Application\84.0.4147.105\chrome_elf.dll
[0808/200525.353:ERROR:process_memory_win.cc(73)] ReadMemory at 0x7ffce13e0000 of 64 bytes failed: Only part of a ReadProcessMemory or WriteProcessMemory request was completed. (0x12B)
[0808/200525.353:WARNING:pe_image_reader.cc(340)] could not read dos header from C:\Windows\SYSTEM32\VERSION.dll
[0808/200525.353:ERROR:process_memory_win.cc(73)] ReadMemory at 0x7ffcea0f0000 of 64 bytes failed: Only part of a ReadProcessMemory or WriteProcessMemory request was completed. (0x12B)
[0808/200525.353:WARNING:pe_image_reader.cc(340)] could not read dos header from C:\Windows\system32\msvcrt.dll
[0808/200525.353:ERROR:process_memory_win.cc(73)] ReadMemory at 0x7ffce85a0000 of 64 bytes failed: Only part of a ReadProcessMemory or WriteProcessMemory request was completed. (0x12B)
[0808/200525.369:WARNING:pe_image_reader.cc(340)] could not read dos header from C:\Windows\system32\ADVAPI32.dll
[0808/200525.369:ERROR:process_memory_win.cc(73)] ReadMemory at 0x7ffce9e00000 of 64 bytes failed: Only part of a ReadProcessMemory or WriteProcessMemory request was completed. (0x12B)
[0808/200525.369:WARNING:pe_image_reader.cc(340)] could not read dos header from C:\Windows\SYSTEM32\sechost.dll
[0808/200525.369:ERROR:process_memory_win.cc(73)] ReadMemory at 0x7ffce86b0000 of 64 bytes failed: Only part of a ReadProcessMemory or WriteProcessMemory request was completed. (0x12B)
[0808/200525.369:WARNING:pe_image_reader.cc(340)] could not read dos header from C:\Windows\system32\RPCRT4.dll
[0808/200525.369:ERROR:process_memory_win.cc(73)] ReadMemory at 0x7ffce77d0000 of 64 bytes failed: Only part of a ReadProcessMemory or WriteProcessMemory request was completed. (0x12B)
[0808/200525.369:WARNING:pe_image_reader.cc(340)] could not read dos header from C:\Windows\system32\SspiCli.dll
[0808/200525.369:ERROR:process_memory_win.cc(73)] ReadMemory at 0x7ffcacaf0000 of 64 bytes failed: Only part of a ReadProcessMemory or WriteProcessMemory request was completed. (0x12B)
[0808/200525.369:WARNING:pe_image_reader.cc(340)] could not read dos header from C:\Program Files (x86)\Google\Chrome\Application\84.0.4147.105\chrome.dll
[0808/200525.369:ERROR:process_memory_win.cc(73)] ReadMemory at 0x7ffce8650000 of 64 bytes failed: Only part of a ReadProcessMemory or WriteProcessMemory request was completed. (0x12B)
[0808/200525.369:WARNING:pe_image_reader.cc(340)] could not read dos header from C:\Windows\system32\WS2_32.dll
[0808/200525.369:ERROR:process_memory_win.cc(73)] ReadMemory at 0x7ffce61c0000 of 64 bytes failed: Only part of a ReadProcessMemory or WriteProcessMemory request was completed. (0x12B)
[0808/200525.369:WARNING:pe_image_reader.cc(340)] could not read dos header from C:\Windows\SYSTEM32\IPHLPAPI.DLL
[0808/200525.369:ERROR:process_memory_win.cc(73)] ReadMemory at 0x7ffce9d30000 of 64 bytes failed: Only part of a ReadProcessMemory or WriteProcessMemory request was completed. (0x12B)
[0808/200525.369:WARNING:pe_image_reader.cc(340)] could not read dos header from C:\Windows\system32\OLEAUT32.dll
[0808/200525.369:ERROR:process_memory_win.cc(73)] ReadMemory at 0x7ffce2230000 of 64 bytes failed: Only part of a ReadProcessMemory or WriteProcessMemory request was completed. (0x12B)
[0808/200525.369:WARNING:pe_image_reader.cc(340)] could not read dos header from C:\Windows\SYSTEM32\WINMM.dll
[0808/200525.369:ERROR:process_memory_win.cc(73)] ReadMemory at 0x7ffce61f0000 of 64 bytes failed: Only part of a ReadProcessMemory or WriteProcessMemory request was completed. (0x12B)
[0808/200525.369:WARNING:pe_image_reader.cc(340)] could not read dos header from C:\Windows\SYSTEM32\Secur32.dll
[0808/200525.369:ERROR:process_memory_win.cc(73)] ReadMemory at 0x7ffce6cb0000 of 64 bytes failed: Only part of a ReadProcessMemory or WriteProcessMemory request was completed. (0x12B)
[0808/200525.369:WARNING:pe_image_reader.cc(340)] could not read dos header from C:\Windows\SYSTEM32\USERENV.dll
[0808/200525.369:ERROR:process_memory_win.cc(73)] ReadMemory at 0x7ffce7c00000 of 64 bytes failed: Only part of a ReadProcessMemory or WriteProcessMemory request was completed. (0x12B)
[0808/200525.369:WARNING:pe_image_reader.cc(340)] could not read dos header from C:\Windows\system32\WINTRUST.dll
[0808/200525.369:ERROR:process_memory_win.cc(73)] ReadMemory at 0x7ffce17a0000 of 64 bytes failed: Only part of a ReadProcessMemory or WriteProcessMemory request was completed. (0x12B)
[0808/200525.369:WARNING:pe_image_reader.cc(340)] could not read dos header from C:\Windows\SYSTEM32\UIAutomationCore.DLL
[0808/200525.369:ERROR:process_memory_win.cc(73)] ReadMemory at 0x7ffce7a20000 of 64 bytes failed: Only part of a ReadProcessMemory or WriteProcessMemory request was completed. (0x12B)
[0808/200525.369:WARNING:pe_image_reader.cc(340)] could not read dos header from C:\Windows\system32\CRYPT32.dll
[0808/200525.369:ERROR:process_memory_win.cc(73)] ReadMemory at 0x7ffce38f0000 of 64 bytes failed: Only part of a ReadProcessMemory or WriteProcessMemory request was completed. (0x12B)
[0808/200525.369:WARNING:pe_image_reader.cc(340)] could not read dos header from C:\Windows\SYSTEM32\DWrite.dll
[0808/200525.369:ERROR:process_memory_win.cc(73)] ReadMemory at 0x7ffce20f0000 of 64 bytes failed: Only part of a ReadProcessMemory or WriteProcessMemory request was completed. (0x12B)
[0808/200525.369:WARNING:pe_image_reader.cc(340)] could not read dos header from C:\Windows\SYSTEM32\WINSPOOL.DRV
[0808/200525.369:ERROR:process_memory_win.cc(73)] ReadMemory at 0x7ffce02f0000 of 64 bytes failed: Only part of a ReadProcessMemory or WriteProcessMemory request was completed. (0x12B)
[0808/200525.369:WARNING:pe_image_reader.cc(340)] could not read dos header from C:\Windows\SYSTEM32\dbghelp.dll
[0808/200525.369:ERROR:process_memory_win.cc(73)] ReadMemory at 0x7ffcde280000 of 64 bytes failed: Only part of a ReadProcessMemory or WriteProcessMemory request was completed. (0x12B)
[0808/200525.369:WARNING:pe_image_reader.cc(340)] could not read dos header from C:\Windows\SYSTEM32\WINHTTP.dll
[0808/200525.369:ERROR:process_memory_win.cc(73)] ReadMemory at 0x7ffce1db0000 of 64 bytes failed: Only part of a ReadProcessMemory or WriteProcessMemory request was completed. (0x12B)
[0808/200525.369:WARNING:pe_image_reader.cc(340)] could not read dos header from C:\Windows\SYSTEM32\dhcpcsvc.DLL
[0808/200525.369:ERROR:process_memory_win.cc(73)] ReadMemory at 0x7ffcea3b0000 of 64 bytes failed: Only part of a ReadProcessMemory or WriteProcessMemory request was completed. (0x12B)
[0808/200525.369:WARNING:pe_image_reader.cc(340)] could not read dos header from C:\Windows\system32\NSI.dll
[0808/200525.369:ERROR:process_memory_win.cc(73)] ReadMemory at 0x7ffce6140000 of 64 bytes failed: Only part of a ReadProcessMemory or WriteProcessMemory request was completed. (0x12B)
[0808/200525.369:WARNING:pe_image_reader.cc(340)] could not read dos header from C:\Windows\SYSTEM32\WINNSI.DLL
[0808/200525.369:ERROR:process_memory_win.cc(73)] ReadMemory at 0x7ffcea3c0000 of 64 bytes failed: Only part of a ReadProcessMemory or WriteProcessMemory request was completed. (0x12B)
[0808/200525.369:WARNING:pe_image_reader.cc(340)] could not read dos header from C:\Windows\system32\combase.dll
[0808/200525.369:ERROR:process_memory_win.cc(73)] ReadMemory at 0x7ffce2200000 of 64 bytes failed: Only part of a ReadProcessMemory or WriteProcessMemory request was completed. (0x12B)
[0808/200525.369:WARNING:pe_image_reader.cc(340)] could not read dos header from C:\Windows\SYSTEM32\WINMMBASE.dll
[0808/200525.369:ERROR:process_memory_win.cc(73)] ReadMemory at 0x7ffce8420000 of 64 bytes failed: Only part of a ReadProcessMemory or WriteProcessMemory request was completed. (0x12B)
[0808/200525.369:WARNING:pe_image_reader.cc(340)] could not read dos header from C:\Windows\system32\USER32.dll
[0808/200525.369:ERROR:process_memory_win.cc(73)] ReadMemory at 0x7ffce7700000 of 64 bytes failed: Only part of a ReadProcessMemory or WriteProcessMemory request was completed. (0x12B)
[0808/200525.369:WARNING:pe_image_reader.cc(340)] could not read dos header from C:\Windows\SYSTEM32\profapi.dll
[0808/200525.369:ERROR:process_memory_win.cc(73)] ReadMemory at 0x7ffce77b0000 of 64 bytes failed: Only part of a ReadProcessMemory or WriteProcessMemory request was completed. (0x12B)
[0808/200525.369:WARNING:pe_image_reader.cc(340)] could not read dos header from C:\Windows\system32\MSASN1.dll
[0808/200525.369:ERROR:process_memory_win.cc(73)] ReadMemory at 0x7ffce7800000 of 64 bytes failed: Only part of a ReadProcessMemory or WriteProcessMemory request was completed. (0x12B)
[0808/200525.369:WARNING:pe_image_reader.cc(340)] could not read dos header from C:\Windows\SYSTEM32\cfgmgr32.dll
[0808/200525.369:ERROR:process_memory_win.cc(73)] ReadMemory at 0x7ffce6510000 of 64 bytes failed: Only part of a ReadProcessMemory or WriteProcessMemory request was completed. (0x12B)
[0808/200525.369:WARNING:pe_image_reader.cc(340)] could not read dos header from C:\Windows\SYSTEM32\DEVOBJ.dll
[0808/200525.369:ERROR:process_memory_win.cc(73)] ReadMemory at 0x7ffcea260000 of 64 bytes failed: Only part of a ReadProcessMemory or WriteProcessMemory request was completed. (0x12B)
[0808/200525.369:WARNING:pe_image_reader.cc(340)] could not read dos header from C:\Windows\system32\GDI32.dll
[0808/200525.369:ERROR:process_memory_win.cc(73)] ReadMemory at 0x7ffce9e60000 of 64 bytes failed: Only part of a ReadProcessMemory or WriteProcessMemory request was completed. (0x12B)
[0808/200525.369:WARNING:pe_image_reader.cc(340)] could not read dos header from C:\Windows\system32\IMM32.DLL
[0808/200525.369:ERROR:process_memory_win.cc(73)] ReadMemory at 0x7ffce9f90000 of 64 bytes failed: Only part of a ReadProcessMemory or WriteProcessMemory request was completed. (0x12B)
[0808/200525.369:WARNING:pe_image_reader.cc(340)] could not read dos header from C:\Windows\system32\MSCTF.dll
[0808/200525.369:ERROR:process_memory_win.cc(73)] ReadMemory at 0x7ffce7570000 of 64 bytes failed: Only part of a ReadProcessMemory or WriteProcessMemory request was completed. (0x12B)
[0808/200525.369:WARNING:pe_image_reader.cc(340)] could not read dos header from C:\Windows\SYSTEM32\CRYPTBASE.DLL
[0808/200525.369:ERROR:process_memory_win.cc(73)] ReadMemory at 0x7ffce7500000 of 64 bytes failed: Only part of a ReadProcessMemory or WriteProcessMemory request was completed. (0x12B)
[0808/200525.369:WARNING:pe_image_reader.cc(340)] could not read dos header from C:\Windows\SYSTEM32\bcryptPrimitives.dll
[0808/200525.369:ERROR:process_memory_win.cc(73)] ReadMemory at 0x7ff7daec0000 of 64 bytes failed: Only part of a ReadProcessMemory or WriteProcessMemory request was completed. (0x12B)
[0808/200525.369:WARNING:pe_image_reader.cc(340)] could not read dos header from C:\Program Files (x86)\Google\Chrome\Application\chrome.exe
[0808/200525.369:ERROR:process_memory_win.cc(73)] ReadMemory at 0x7ffcea5d0000 of 64 bytes failed: Only part of a ReadProcessMemory or WriteProcessMemory request was completed. (0x12B)
[0808/200525.369:WARNING:pe_image_reader.cc(340)] could not read dos header from C:\Windows\SYSTEM32\ntdll.dll
[0808/200525.369:ERROR:process_memory_win.cc(73)] ReadMemory at 0x7ffce80c0000 of 64 bytes failed: Only part of a ReadProcessMemory or WriteProcessMemory request was completed. (0x12B)
[0808/200525.369:WARNING:pe_image_reader.cc(340)] could not read dos header from C:\Windows\system32\KERNEL32.DLL
[0808/200525.369:ERROR:process_memory_win.cc(73)] ReadMemory at 0x7ffce7850000 of 64 bytes failed: Only part of a ReadProcessMemory or WriteProcessMemory request was completed. (0x12B)
[0808/200525.369:WARNING:pe_image_reader.cc(340)] could not read dos header from C:\Windows\system32\KERNELBASE.dll
[0808/200525.369:ERROR:process_memory_win.cc(73)] ReadMemory at 0x7ffcd3aa0000 of 64 bytes failed: Only part of a ReadProcessMemory or WriteProcessMemory request was completed. (0x12B)
[0808/200525.369:WARNING:pe_image_reader.cc(340)] could not read dos header from C:\Program Files (x86)\Google\Chrome\Application\84.0.4147.105\chrome_elf.dll
[0808/200525.369:ERROR:process_memory_win.cc(73)] ReadMemory at 0x7ffce13e0000 of 64 bytes failed: Only part of a ReadProcessMemory or WriteProcessMemory request was completed. (0x12B)
[0808/200525.369:WARNING:pe_image_reader.cc(340)] could not read dos header from C:\Windows\SYSTEM32\VERSION.dll
[0808/200525.369:ERROR:process_memory_win.cc(73)] ReadMemory at 0x7ffcea0f0000 of 64 bytes failed: Only part of a ReadProcessMemory or WriteProcessMemory request was completed. (0x12B)
[0808/200525.369:WARNING:pe_image_reader.cc(340)] could not read dos header from C:\Windows\system32\msvcrt.dll
[0808/200525.369:ERROR:process_memory_win.cc(73)] ReadMemory at 0x7ffce85a0000 of 64 bytes failed: Only part of a ReadProcessMemory or WriteProcessMemory request was completed. (0x12B)
[0808/200525.369:WARNING:pe_image_reader.cc(340)] could not read dos header from C:\Windows\system32\ADVAPI32.dll
[0808/200525.369:ERROR:process_memory_win.cc(73)] ReadMemory at 0x7ffce9e00000 of 64 bytes failed: Only part of a ReadProcessMemory or WriteProcessMemory request was completed. (0x12B)
[0808/200525.369:WARNING:pe_image_reader.cc(340)] could not read dos header from C:\Windows\SYSTEM32\sechost.dll
[0808/200525.369:ERROR:process_memory_win.cc(73)] ReadMemory at 0x7ffce86b0000 of 64 bytes failed: Only part of a ReadProcessMemory or WriteProcessMemory request was completed. (0x12B)
[0808/200525.369:WARNING:pe_image_reader.cc(340)] could not read dos header from C:\Windows\system32\RPCRT4.dll
[0808/200525.369:ERROR:process_memory_win.cc(73)] ReadMemory at 0x7ffce77d0000 of 64 bytes failed: Only part of a ReadProcessMemory or WriteProcessMemory request was completed. (0x12B)
[0808/200525.369:WARNING:pe_image_reader.cc(340)] could not read dos header from C:\Windows\system32\SspiCli.dll
[0808/200525.369:ERROR:process_memory_win.cc(73)] ReadMemory at 0x7ffcacaf0000 of 64 bytes failed: Only part of a ReadProcessMemory or WriteProcessMemory request was completed. (0x12B)
[0808/200525.369:WARNING:pe_image_reader.cc(340)] could not read dos header from C:\Program Files (x86)\Google\Chrome\Application\84.0.4147.105\chrome.dll
[0808/200525.369:ERROR:process_memory_win.cc(73)] ReadMemory at 0x7ffce8650000 of 64 bytes failed: Only part of a ReadProcessMemory or WriteProcessMemory request was completed. (0x12B)
[0808/200525.369:WARNING:pe_image_reader.cc(340)] could not read dos header from C:\Windows\system32\WS2_32.dll
[0808/200525.369:ERROR:process_memory_win.cc(73)] ReadMemory at 0x7ffce61c0000 of 64 bytes failed: Only part of a ReadProcessMemory or WriteProcessMemory request was completed. (0x12B)
[0808/200525.369:WARNING:pe_image_reader.cc(340)] could not read dos header from C:\Windows\SYSTEM32\IPHLPAPI.DLL
[0808/200525.369:ERROR:process_memory_win.cc(73)] ReadMemory at 0x7ffce9d30000 of 64 bytes failed: Only part of a ReadProcessMemory or WriteProcessMemory request was completed. (0x12B)
[0808/200525.369:WARNING:pe_image_reader.cc(340)] could not read dos header from C:\Windows\system32\OLEAUT32.dll
[0808/200525.369:ERROR:process_memory_win.cc(73)] ReadMemory at 0x7ffce2230000 of 64 bytes failed: Only part of a ReadProcessMemory or WriteProcessMemory request was completed. (0x12B)
[0808/200525.369:WARNING:pe_image_reader.cc(340)] could not read dos header from C:\Windows\SYSTEM32\WINMM.dll
[0808/200525.369:ERROR:process_memory_win.cc(73)] ReadMemory at 0x7ffce61f0000 of 64 bytes failed: Only part of a ReadProcessMemory or WriteProcessMemory request was completed. (0x12B)
[0808/200525.369:WARNING:pe_image_reader.cc(340)] could not read dos header from C:\Windows\SYSTEM32\Secur32.dll
[0808/200525.369:ERROR:process_memory_win.cc(73)] ReadMemory at 0x7ffce6cb0000 of 64 bytes failed: Only part of a ReadProcessMemory or WriteProcessMemory request was completed. (0x12B)
[0808/200525.369:WARNING:pe_image_reader.cc(340)] could not read dos header from C:\Windows\SYSTEM32\USERENV.dll
[0808/200525.369:ERROR:process_memory_win.cc(73)] ReadMemory at 0x7ffce7c00000 of 64 bytes failed: Only part of a ReadProcessMemory or WriteProcessMemory request was completed. (0x12B)
[0808/200525.369:WARNING:pe_image_reader.cc(340)] could not read dos header from C:\Windows\system32\WINTRUST.dll
[0808/200525.369:ERROR:process_memory_win.cc(73)] ReadMemory at 0x7ffce17a0000 of 64 bytes failed: Only part of a ReadProcessMemory or WriteProcessMemory request was completed. (0x12B)
[0808/200525.369:WARNING:pe_image_reader.cc(340)] could not read dos header from C:\Windows\SYSTEM32\UIAutomationCore.DLL
[0808/200525.369:ERROR:process_memory_win.cc(73)] ReadMemory at 0x7ffce7a20000 of 64 bytes failed: Only part of a ReadProcessMemory or WriteProcessMemory request was completed. (0x12B)
[0808/200525.369:WARNING:pe_image_reader.cc(340)] could not read dos header from C:\Windows\system32\CRYPT32.dll
[0808/200525.369:ERROR:process_memory_win.cc(73)] ReadMemory at 0x7ffce38f0000 of 64 bytes failed: Only part of a ReadProcessMemory or WriteProcessMemory request was completed. (0x12B)
[0808/200525.369:WARNING:pe_image_reader.cc(340)] could not read dos header from C:\Windows\SYSTEM32\DWrite.dll
[0808/200525.369:ERROR:process_memory_win.cc(73)] ReadMemory at 0x7ffce20f0000 of 64 bytes failed: Only part of a ReadProcessMemory or WriteProcessMemory request was completed. (0x12B)
[0808/200525.369:WARNING:pe_image_reader.cc(340)] could not read dos header from C:\Windows\SYSTEM32\WINSPOOL.DRV
[0808/200525.369:ERROR:process_memory_win.cc(73)] ReadMemory at 0x7ffce02f0000 of 64 bytes failed: Only part of a ReadProcessMemory or WriteProcessMemory request was completed. (0x12B)
[0808/200525.369:WARNING:pe_image_reader.cc(340)] could not read dos header from C:\Windows\SYSTEM32\dbghelp.dll
[0808/200525.369:ERROR:process_memory_win.cc(73)] ReadMemory at 0x7ffcde280000 of 64 bytes failed: Only part of a ReadProcessMemory or WriteProcessMemory request was completed. (0x12B)
[0808/200525.369:WARNING:pe_image_reader.cc(340)] could not read dos header from C:\Windows\SYSTEM32\WINHTTP.dll
[0808/200525.369:ERROR:process_memory_win.cc(73)] ReadMemory at 0x7ffce1db0000 of 64 bytes failed: Only part of a ReadProcessMemory or WriteProcessMemory request was completed. (0x12B)
[0808/200525.369:WARNING:pe_image_reader.cc(340)] could not read dos header from C:\Windows\SYSTEM32\dhcpcsvc.DLL
[0808/200525.369:ERROR:process_memory_win.cc(73)] ReadMemory at 0x7ffcea3b0000 of 64 bytes failed: Only part of a ReadProcessMemory or WriteProcessMemory request was completed. (0x12B)
[0808/200525.369:WARNING:pe_image_reader.cc(340)] could not read dos header from C:\Windows\system32\NSI.dll
[0808/200525.369:ERROR:process_memory_win.cc(73)] ReadMemory at 0x7ffce6140000 of 64 bytes failed: Only part of a ReadProcessMemory or WriteProcessMemory request was completed. (0x12B)
[0808/200525.369:WARNING:pe_image_reader.cc(340)] could not read dos header from C:\Windows\SYSTEM32\WINNSI.DLL
[0808/200525.369:ERROR:process_memory_win.cc(73)] ReadMemory at 0x7ffcea3c0000 of 64 bytes failed: Only part of a ReadProcessMemory or WriteProcessMemory request was completed. (0x12B)
[0808/200525.369:WARNING:pe_image_reader.cc(340)] could not read dos header from C:\Windows\system32\combase.dll
[0808/200525.369:ERROR:process_memory_win.cc(73)] ReadMemory at 0x7ffce2200000 of 64 bytes failed: Only part of a ReadProcessMemory or WriteProcessMemory request was completed. (0x12B)
[0808/200525.369:WARNING:pe_image_reader.cc(340)] could not read dos header from C:\Windows\SYSTEM32\WINMMBASE.dll
[0808/200525.369:ERROR:process_memory_win.cc(73)] ReadMemory at 0x7ffce8420000 of 64 bytes failed: Only part of a ReadProcessMemory or WriteProcessMemory request was completed. (0x12B)
[0808/200525.369:WARNING:pe_image_reader.cc(340)] could not read dos header from C:\Windows\system32\USER32.dll
[0808/200525.369:ERROR:process_memory_win.cc(73)] ReadMemory at 0x7ffce7700000 of 64 bytes failed: Only part of a ReadProcessMemory or WriteProcessMemory request was completed. (0x12B)
[0808/200525.369:WARNING:pe_image_reader.cc(340)] could not read dos header from C:\Windows\SYSTEM32\profapi.dll
[0808/200525.369:ERROR:process_memory_win.cc(73)] ReadMemory at 0x7ffce77b0000 of 64 bytes failed: Only part of a ReadProcessMemory or WriteProcessMemory request was completed. (0x12B)
[0808/200525.369:WARNING:pe_image_reader.cc(340)] could not read dos header from C:\Windows\system32\MSASN1.dll
[0808/200525.369:ERROR:process_memory_win.cc(73)] ReadMemory at 0x7ffce7800000 of 64 bytes failed: Only part of a ReadProcessMemory or WriteProcessMemory request was completed. (0x12B)
[0808/200525.369:WARNING:pe_image_reader.cc(340)] could not read dos header from C:\Windows\SYSTEM32\cfgmgr32.dll
[0808/200525.369:ERROR:process_memory_win.cc(73)] ReadMemory at 0x7ffce6510000 of 64 bytes failed: Only part of a ReadProcessMemory or WriteProcessMemory request was completed. (0x12B)
[0808/200525.369:WARNING:pe_image_reader.cc(340)] could not read dos header from C:\Windows\SYSTEM32\DEVOBJ.dll
[0808/200525.369:ERROR:process_memory_win.cc(73)] ReadMemory at 0x7ffcea260000 of 64 bytes failed: Only part of a ReadProcessMemory or WriteProcessMemory request was completed. (0x12B)
[0808/200525.369:WARNING:pe_image_reader.cc(340)] could not read dos header from C:\Windows\system32\GDI32.dll
[0808/200525.369:ERROR:process_memory_win.cc(73)] ReadMemory at 0x7ffce9e60000 of 64 bytes failed: Only part of a ReadProcessMemory or WriteProcessMemory request was completed. (0x12B)
[0808/200525.369:WARNING:pe_image_reader.cc(340)] could not read dos header from C:\Windows\system32\IMM32.DLL
[0808/200525.369:ERROR:process_memory_win.cc(73)] ReadMemory at 0x7ffce9f90000 of 64 bytes failed: Only part of a ReadProcessMemory or WriteProcessMemory request was completed. (0x12B)
[0808/200525.369:WARNING:pe_image_reader.cc(340)] could not read dos header from C:\Windows\system32\MSCTF.dll
[0808/200525.369:ERROR:process_memory_win.cc(73)] ReadMemory at 0x7ffce7570000 of 64 bytes failed: Only part of a ReadProcessMemory or WriteProcessMemory request was completed. (0x12B)
[0808/200525.369:WARNING:pe_image_reader.cc(340)] could not read dos header from C:\Windows\SYSTEM32\CRYPTBASE.DLL
[0808/200525.369:ERROR:process_memory_win.cc(73)] ReadMemory at 0x7ffce7500000 of 64 bytes failed: Only part of a ReadProcessMemory or WriteProcessMemory request was completed. (0x12B)
[0808/200525.369:WARNING:pe_image_reader.cc(340)] could not read dos header from C:\Windows\SYSTEM32\bcryptPrimitives.dll
[0808/200525.369:ERROR:process_memory_win.cc(73)] ReadMemory at 0x7ff7daec0000 of 64 bytes failed: Only part of a ReadProcessMemory or WriteProcessMemory request was completed. (0x12B)
[0808/200525.369:WARNING:pe_image_reader.cc(340)] could not read dos header from C:\Program Files (x86)\Google\Chrome\Application\chrome.exe
[0808/200525.369:ERROR:process_memory_win.cc(73)] ReadMemory at 0x7ffcea5d0000 of 64 bytes failed: Only part of a ReadProcessMemory or WriteProcessMemory request was completed. (0x12B)
[0808/200525.369:WARNING:pe_image_reader.cc(340)] could not read dos header from C:\Windows\SYSTEM32\ntdll.dll
[0808/200525.369:ERROR:process_memory_win.cc(73)] ReadMemory at 0x7ffce80c0000 of 64 bytes failed: Only part of a ReadProcessMemory or WriteProcessMemory request was completed. (0x12B)
[0808/200525.369:WARNING:pe_image_reader.cc(340)] could not read dos header from C:\Windows\system32\KERNEL32.DLL
[0808/200525.369:ERROR:process_memory_win.cc(73)] ReadMemory at 0x7ffce7850000 of 64 bytes failed: Only part of a ReadProcessMemory or WriteProcessMemory request was completed. (0x12B)
[0808/200525.369:WARNING:pe_image_reader.cc(340)] could not read dos header from C:\Windows\system32\KERNELBASE.dll
[0808/200525.369:ERROR:process_memory_win.cc(73)] ReadMemory at 0x7ffcd3aa0000 of 64 bytes failed: Only part of a ReadProcessMemory or WriteProcessMemory request was completed. (0x12B)
[0808/200525.369:WARNING:pe_image_reader.cc(340)] could not read dos header from C:\Program Files (x86)\Google\Chrome\Application\84.0.4147.105\chrome_elf.dll
[0808/200525.369:ERROR:process_memory_win.cc(73)] ReadMemory at 0x7ffce13e0000 of 64 bytes failed: Only part of a ReadProcessMemory or WriteProcessMemory request was completed. (0x12B)
[0808/200525.369:WARNING:pe_image_reader.cc(340)] could not read dos header from C:\Windows\SYSTEM32\VERSION.dll
[0808/200525.369:ERROR:process_memory_win.cc(73)] ReadMemory at 0x7ffcea0f0000 of 64 bytes failed: Only part of a ReadProcessMemory or WriteProcessMemory request was completed. (0x12B)
[0808/200525.369:WARNING:pe_image_reader.cc(340)] could not read dos header from C:\Windows\system32\msvcrt.dll
[0808/200525.369:ERROR:process_memory_win.cc(73)] ReadMemory at 0x7ffce85a0000 of 64 bytes failed: Only part of a ReadProcessMemory or WriteProcessMemory request was completed. (0x12B)
[0808/200525.369:WARNING:pe_image_reader.cc(340)] could not read dos header from C:\Windows\system32\ADVAPI32.dll
[0808/200525.369:ERROR:process_memory_win.cc(73)] ReadMemory at 0x7ffce9e00000 of 64 bytes failed: Only part of a ReadProcessMemory or WriteProcessMemory request was completed. (0x12B)
[0808/200525.369:WARNING:pe_image_reader.cc(340)] could not read dos header from C:\Windows\SYSTEM32\sechost.dll
[0808/200525.369:ERROR:process_memory_win.cc(73)] ReadMemory at 0x7ffce86b0000 of 64 bytes failed: Only part of a ReadProcessMemory or WriteProcessMemory request was completed. (0x12B)
[0808/200525.369:WARNING:pe_image_reader.cc(340)] could not read dos header from C:\Windows\system32\RPCRT4.dll
[0808/200525.369:ERROR:process_memory_win.cc(73)] ReadMemory at 0x7ffce77d0000 of 64 bytes failed: Only part of a ReadProcessMemory or WriteProcessMemory request was completed. (0x12B)
[0808/200525.369:WARNING:pe_image_reader.cc(340)] could not read dos header from C:\Windows\system32\SspiCli.dll
[0808/200525.369:ERROR:process_memory_win.cc(73)] ReadMemory at 0x7ffcacaf0000 of 64 bytes failed: Only part of a ReadProcessMemory or WriteProcessMemory request was completed. (0x12B)
[0808/200525.369:WARNING:pe_image_reader.cc(340)] could not read dos header from C:\Program Files (x86)\Google\Chrome\Application\84.0.4147.105\chrome.dll
[0808/200525.369:ERROR:process_memory_win.cc(73)] ReadMemory at 0x7ffce8650000 of 64 bytes failed: Only part of a ReadProcessMemory or WriteProcessMemory request was completed. (0x12B)
[0808/200525.369:WARNING:pe_image_reader.cc(340)] could not read dos header from C:\Windows\system32\WS2_32.dll
[0808/200525.369:ERROR:process_memory_win.cc(73)] ReadMemory at 0x7ffce61c0000 of 64 bytes failed: Only part of a ReadProcessMemory or WriteProcessMemory request was completed. (0x12B)
[0808/200525.369:WARNING:pe_image_reader.cc(340)] could not read dos header from C:\Windows\SYSTEM32\IPHLPAPI.DLL
[0808/200525.369:ERROR:process_memory_win.cc(73)] ReadMemory at 0x7ffce9d30000 of 64 bytes failed: Only part of a ReadProcessMemory or WriteProcessMemory request was completed. (0x12B)
[0808/200525.369:WARNING:pe_image_reader.cc(340)] could not read dos header from C:\Windows\system32\OLEAUT32.dll
[0808/200525.369:ERROR:process_memory_win.cc(73)] ReadMemory at 0x7ffce2230000 of 64 bytes failed: Only part of a ReadProcessMemory or WriteProcessMemory request was completed. (0x12B)
[0808/200525.369:WARNING:pe_image_reader.cc(340)] could not read dos header from C:\Windows\SYSTEM32\WINMM.dll
[0808/200525.369:ERROR:process_memory_win.cc(73)] ReadMemory at 0x7ffce61f0000 of 64 bytes failed: Only part of a ReadProcessMemory or WriteProcessMemory request was completed. (0x12B)
[0808/200525.369:WARNING:pe_image_reader.cc(340)] could not read dos header from C:\Windows\SYSTEM32\Secur32.dll
[0808/200525.369:ERROR:process_memory_win.cc(73)] ReadMemory at 0x7ffce6cb0000 of 64 bytes failed: Only part of a ReadProcessMemory or WriteProcessMemory request was completed. (0x12B)
[0808/200525.369:WARNING:pe_image_reader.cc(340)] could not read dos header from C:\Windows\SYSTEM32\USERENV.dll
[0808/200525.369:ERROR:process_memory_win.cc(73)] ReadMemory at 0x7ffce7c00000 of 64 bytes failed: Only part of a ReadProcessMemory or WriteProcessMemory request was completed. (0x12B)
[0808/200525.369:WARNING:pe_image_reader.cc(340)] could not read dos header from C:\Windows\system32\WINTRUST.dll
[0808/200525.369:ERROR:process_memory_win.cc(73)] ReadMemory at 0x7ffce17a0000 of 64 bytes failed: Only part of a ReadProcessMemory or WriteProcessMemory request was completed. (0x12B)
[0808/200525.369:WARNING:pe_image_reader.cc(340)] could not read dos header from C:\Windows\SYSTEM32\UIAutomationCore.DLL
[0808/200525.369:ERROR:process_memory_win.cc(73)] ReadMemory at 0x7ffce7a20000 of 64 bytes failed: Only part of a ReadProcessMemory or WriteProcessMemory request was completed. (0x12B)
[0808/200525.369:WARNING:pe_image_reader.cc(340)] could not read dos header from C:\Windows\system32\CRYPT32.dll
[0808/200525.369:ERROR:process_memory_win.cc(73)] ReadMemory at 0x7ffce38f0000 of 64 bytes failed: Only part of a ReadProcessMemory or WriteProcessMemory request was completed. (0x12B)
[0808/200525.369:WARNING:pe_image_reader.cc(340)] could not read dos header from C:\Windows\SYSTEM32\DWrite.dll
[0808/200525.369:ERROR:process_memory_win.cc(73)] ReadMemory at 0x7ffce20f0000 of 64 bytes failed: Only part of a ReadProcessMemory or WriteProcessMemory request was completed. (0x12B)
[0808/200525.369:WARNING:pe_image_reader.cc(340)] could not read dos header from C:\Windows\SYSTEM32\WINSPOOL.DRV
[0808/200525.369:ERROR:process_memory_win.cc(73)] ReadMemory at 0x7ffce02f0000 of 64 bytes failed: Only part of a ReadProcessMemory or WriteProcessMemory request was completed. (0x12B)
[0808/200525.369:WARNING:pe_image_reader.cc(340)] could not read dos header from C:\Windows\SYSTEM32\dbghelp.dll
[0808/200525.369:ERROR:process_memory_win.cc(73)] ReadMemory at 0x7ffcde280000 of 64 bytes failed: Only part of a ReadProcessMemory or WriteProcessMemory request was completed. (0x12B)
[0808/200525.369:WARNING:pe_image_reader.cc(340)] could not read dos header from C:\Windows\SYSTEM32\WINHTTP.dll
[0808/200525.369:ERROR:process_memory_win.cc(73)] ReadMemory at 0x7ffce1db0000 of 64 bytes failed: Only part of a ReadProcessMemory or WriteProcessMemory request was completed. (0x12B)
[0808/200525.369:WARNING:pe_image_reader.cc(340)] could not read dos header from C:\Windows\SYSTEM32\dhcpcsvc.DLL
[0808/200525.369:ERROR:process_memory_win.cc(73)] ReadMemory at 0x7ffcea3b0000 of 64 bytes failed: Only part of a ReadProcessMemory or WriteProcessMemory request was completed. (0x12B)
[0808/200525.369:WARNING:pe_image_reader.cc(340)] could not read dos header from C:\Windows\system32\NSI.dll
[0808/200525.369:ERROR:process_memory_win.cc(73)] ReadMemory at 0x7ffce6140000 of 64 bytes failed: Only part of a ReadProcessMemory or WriteProcessMemory request was completed. (0x12B)
[0808/200525.369:WARNING:pe_image_reader.cc(340)] could not read dos header from C:\Windows\SYSTEM32\WINNSI.DLL
[0808/200525.369:ERROR:process_memory_win.cc(73)] ReadMemory at 0x7ffcea3c0000 of 64 bytes failed: Only part of a ReadProcessMemory or WriteProcessMemory request was completed. (0x12B)
[0808/200525.369:WARNING:pe_image_reader.cc(340)] could not read dos header from C:\Windows\system32\combase.dll
[0808/200525.369:ERROR:process_memory_win.cc(73)] ReadMemory at 0x7ffce2200000 of 64 bytes failed: Only part of a ReadProcessMemory or WriteProcessMemory request was completed. (0x12B)
[0808/200525.369:WARNING:pe_image_reader.cc(340)] could not read dos header from C:\Windows\SYSTEM32\WINMMBASE.dll
[0808/200525.369:ERROR:process_memory_win.cc(73)] ReadMemory at 0x7ffce8420000 of 64 bytes failed: Only part of a ReadProcessMemory or WriteProcessMemory request was completed. (0x12B)
[0808/200525.369:WARNING:pe_image_reader.cc(340)] could not read dos header from C:\Windows\system32\USER32.dll
[0808/200525.369:ERROR:process_memory_win.cc(73)] ReadMemory at 0x7ffce7700000 of 64 bytes failed: Only part of a ReadProcessMemory or WriteProcessMemory request was completed. (0x12B)
[0808/200525.369:WARNING:pe_image_reader.cc(340)] could not read dos header from C:\Windows\SYSTEM32\profapi.dll
[0808/200525.369:ERROR:process_memory_win.cc(73)] ReadMemory at 0x7ffce77b0000 of 64 bytes failed: Only part of a ReadProcessMemory or WriteProcessMemory request was completed. (0x12B)
[0808/200525.369:WARNING:pe_image_reader.cc(340)] could not read dos header from C:\Windows\system32\MSASN1.dll
[0808/200525.369:ERROR:process_memory_win.cc(73)] ReadMemory at 0x7ffce7800000 of 64 bytes failed: Only part of a ReadProcessMemory or WriteProcessMemory request was completed. (0x12B)
[0808/200525.369:WARNING:pe_image_reader.cc(340)] could not read dos header from C:\Windows\SYSTEM32\cfgmgr32.dll
[0808/200525.369:ERROR:process_memory_win.cc(73)] ReadMemory at 0x7ffce6510000 of 64 bytes failed: Only part of a ReadProcessMemory or WriteProcessMemory request was completed. (0x12B)
[0808/200525.369:WARNING:pe_image_reader.cc(340)] could not read dos header from C:\Windows\SYSTEM32\DEVOBJ.dll
[0808/200525.369:ERROR:process_memory_win.cc(73)] ReadMemory at 0x7ffcea260000 of 64 bytes failed: Only part of a ReadProcessMemory or WriteProcessMemory request was completed. (0x12B)
[0808/200525.369:WARNING:pe_image_reader.cc(340)] could not read dos header from C:\Windows\system32\GDI32.dll
[0808/200525.369:ERROR:process_memory_win.cc(73)] ReadMemory at 0x7ffce9e60000 of 64 bytes failed: Only part of a ReadProcessMemory or WriteProcessMemory request was completed. (0x12B)
[0808/200525.369:WARNING:pe_image_reader.cc(340)] could not read dos header from C:\Windows\system32\IMM32.DLL
[0808/200525.369:ERROR:process_memory_win.cc(73)] ReadMemory at 0x7ffce9f90000 of 64 bytes failed: Only part of a ReadProcessMemory or WriteProcessMemory request was completed. (0x12B)
[0808/200525.369:WARNING:pe_image_reader.cc(340)] could not read dos header from C:\Windows\system32\MSCTF.dll
[0808/200525.369:ERROR:process_memory_win.cc(73)] ReadMemory at 0x7ffce7570000 of 64 bytes failed: Only part of a ReadProcessMemory or WriteProcessMemory request was completed. (0x12B)
[0808/200525.369:WARNING:pe_image_reader.cc(340)] could not read dos header from C:\Windows\SYSTEM32\CRYPTBASE.DLL
[0808/200525.369:ERROR:process_memory_win.cc(73)] ReadMemory at 0x7ffce7500000 of 64 bytes failed: Only part of a ReadProcessMemory or WriteProcessMemory request was completed. (0x12B)
[0808/200525.369:WARNING:pe_image_reader.cc(340)] could not read dos header from C:\Windows\SYSTEM32\bcryptPrimitives.dll
[0808/200525.447:ERROR:process_memory_win.cc(73)] ReadMemory at 0xdf3bdec000 of 16384 bytes failed: Only part of a ReadProcessMemory or WriteProcessMemory request was completed. (0x12B)
[0808/200525.447:ERROR:process_memory_win.cc(73)] ReadMemory at 0xdf3e0dd000 of 12288 bytes failed: Only part of a ReadProcessMemory or WriteProcessMemory request was completed. (0x12B)
[0808/200525.447:ERROR:process_memory_win.cc(73)] ReadMemory at 0xdf3e8dd000 of 12288 bytes failed: Only part of a ReadProcessMemory or WriteProcessMemory request was completed. (0x12B)
[0808/200525.447:ERROR:process_memory_win.cc(73)] ReadMemory at 0xdf3f0dc000 of 16384 bytes failed: Only part of a ReadProcessMemory or WriteProcessMemory request was completed. (0x12B)
[0808/200525.447:ERROR:process_memory_win.cc(73)] ReadMemory at 0xdf3f8dc000 of 16384 bytes failed: Only part of a ReadProcessMemory or WriteProcessMemory request was completed. (0x12B)
[0808/200525.447:ERROR:process_memory_win.cc(73)] ReadMemory at 0xdf400df000 of 4096 bytes failed: Only part of a ReadProcessMemory or WriteProcessMemory request was completed. (0x12B)
[0808/200525.447:ERROR:process_memory_win.cc(73)] ReadMemory at 0xdf408dd000 of 12288 bytes failed: Only part of a ReadProcessMemory or WriteProcessMemory request was completed. (0x12B)
[0808/200525.447:ERROR:process_memory_win.cc(73)] ReadMemory at 0xdf411dd000 of 12288 bytes failed: Only part of a ReadProcessMemory or WriteProcessMemory request was completed. (0x12B)
[0808/200525.447:ERROR:process_memory_win.cc(73)] ReadMemory at 0xdf421dd000 of 12288 bytes failed: Only part of a ReadProcessMemory or WriteProcessMemory request was completed. (0x12B)
[0808/200525.447:ERROR:process_memory_win.cc(73)] ReadMemory at 0xdf429dd000 of 12288 bytes failed: Only part of a ReadProcessMemory or WriteProcessMemory request was completed. (0x12B)
[0808/200525.447:ERROR:process_memory_win.cc(73)] ReadMemory at 0xdf433dd000 of 12288 bytes failed: Only part of a ReadProcessMemory or WriteProcessMemory request was completed. (0x12B)
[0808/200525.447:ERROR:process_memory_win.cc(73)] ReadMemory at 0xdf43bdd000 of 12288 bytes failed: Only part of a ReadProcessMemory or WriteProcessMemory request was completed. (0x12B)
[0808/200525.447:ERROR:process_memory_win.cc(73)] ReadMemory at 0xdf419df000 of 4096 bytes failed: Only part of a ReadProcessMemory or WriteProcessMemory request was completed. (0x12B)
[0808/200525.447:ERROR:process_memory_win.cc(73)] ReadMemory at 0xdf3c000860 of 22162 bytes failed: Only part of a ReadProcessMemory or WriteProcessMemory request was completed. (0x12B)
[0808/200525.447:ERROR:process_memory_win.cc(73)] ReadMemory at 0xdf3c005f00 of 1012 bytes failed: Only part of a ReadProcessMemory or WriteProcessMemory request was completed. (0x12B)
[0808/200525.447:ERROR:process_memory_win.cc(73)] ReadMemory at 0xdf3c006518 of 118 bytes failed: Only part of a ReadProcessMemory or WriteProcessMemory request was completed. (0x12B)
[0808/200525.447:ERROR:process_memory_win.cc(73)] ReadMemory at 0xdf3c006590 of 756 bytes failed: Only part of a ReadProcessMemory or WriteProcessMemory request was completed. (0x12B)
[0808/200525.447:ERROR:process_memory_win.cc(73)] ReadMemory at 0xdf3c006886 of 118 bytes failed: Only part of a ReadProcessMemory or WriteProcessMemory request was completed. (0x12B)
[0808/200525.447:ERROR:process_memory_win.cc(73)] ReadMemory at 0xdf3c0068fe of 96 bytes failed: Only part of a ReadProcessMemory or WriteProcessMemory request was completed. (0x12B)
[0808/200525.447:ERROR:process_memory_win.cc(73)] ReadMemory at 0xdf3c006970 of 58 bytes failed: Only part of a ReadProcessMemory or WriteProcessMemory request was completed. (0x12B)
[0808/200525.447:ERROR:process_memory_win.cc(73)] ReadMemory at 0xdf3c006a70 of 132 bytes failed: Only part of a ReadProcessMemory or WriteProcessMemory request was completed. (0x12B)
[0808/200525.447:ERROR:process_memory_win.cc(73)] ReadMemory at 0xdf3c006bf0 of 132 bytes failed: Only part of a ReadProcessMemory or WriteProcessMemory request was completed. (0x12B)
[0808/200525.447:ERROR:process_memory_win.cc(73)] ReadMemory at 0xdf3c006e00 of 126 bytes failed: Only part of a ReadProcessMemory or WriteProcessMemory request was completed. (0x12B)
[0808/200525.447:ERROR:process_memory_win.cc(73)] ReadMemory at 0xdf3c0070f0 of 64 bytes failed: Only part of a ReadProcessMemory or WriteProcessMemory request was completed. (0x12B)
[0808/200525.447:ERROR:process_memory_win.cc(73)] ReadMemory at 0xdf3c007140 of 132 bytes failed: Only part of a ReadProcessMemory or WriteProcessMemory request was completed. (0x12B)
[0808/200525.447:ERROR:process_memory_win.cc(73)] ReadMemory at 0xdf3c007400 of 154 bytes failed: Only part of a ReadProcessMemory or WriteProcessMemory request was completed. (0x12B)
[0808/200525.447:ERROR:process_memory_win.cc(73)] ReadMemory at 0xdf3c0074b0 of 68 bytes failed: Only part of a ReadProcessMemory or WriteProcessMemory request was completed. (0x12B)
[0808/200525.447:ERROR:process_memory_win.cc(73)] ReadMemory at 0xdf3c007500 of 132 bytes failed: Only part of a ReadProcessMemory or WriteProcessMemory request was completed. (0x12B)
[0808/200525.447:ERROR:process_memory_win.cc(73)] ReadMemory at 0xdf3c008260 of 132 bytes failed: Only part of a ReadProcessMemory or WriteProcessMemory request was completed. (0x12B)
[0808/200525.447:ERROR:process_memory_win.cc(73)] ReadMemory at 0xdf3c0084b0 of 62 bytes failed: Only part of a ReadProcessMemory or WriteProcessMemory request was completed. (0x12B)
[0808/200525.447:ERROR:process_memory_win.cc(73)] ReadMemory at 0xdf3c008500 of 132 bytes failed: Only part of a ReadProcessMemory or WriteProcessMemory request was completed. (0x12B)
[0808/200525.447:ERROR:process_memory_win.cc(73)] ReadMemory at 0xdf3c008bd0 of 60 bytes failed: Only part of a ReadProcessMemory or WriteProcessMemory request was completed. (0x12B)
[0808/200525.447:ERROR:process_memory_win.cc(73)] ReadMemory at 0xdf3c009930 of 132 bytes failed: Only part of a ReadProcessMemory or WriteProcessMemory request was completed. (0x12B)
[0808/200525.447:ERROR:process_memory_win.cc(73)] ReadMemory at 0xdf3c017e00 of 512 bytes failed: Only part of a ReadProcessMemory or WriteProcessMemory request was completed. (0x12B)
[0808/200525.447:ERROR:process_memory_win.cc(73)] ReadMemory at 0xdf3c018460 of 62 bytes failed: Only part of a ReadProcessMemory or WriteProcessMemory request was completed. (0x12B)
[0808/200525.447:ERROR:process_memory_win.cc(73)] ReadMemory at 0xdf3c0184b0 of 62 bytes failed: Only part of a ReadProcessMemory or WriteProcessMemory request was completed. (0x12B)
[0808/200525.447:ERROR:process_memory_win.cc(73)] ReadMemory at 0xdf3c0185a0 of 62 bytes failed: Only part of a ReadProcessMemory or WriteProcessMemory request was completed. (0x12B)
[0808/200525.447:ERROR:process_memory_win.cc(73)] ReadMemory at 0xdf3c0185f0 of 64 bytes failed: Only part of a ReadProcessMemory or WriteProcessMemory request was completed. (0x12B)
[0808/200525.447:ERROR:process_memory_win.cc(73)] ReadMemory at 0xdf3c018640 of 62 bytes failed: Only part of a ReadProcessMemory or WriteProcessMemory request was completed. (0x12B)
[0808/200525.447:ERROR:process_memory_win.cc(73)] ReadMemory at 0xdf3c018690 of 62 bytes failed: Only part of a ReadProcessMemory or WriteProcessMemory request was completed. (0x12B)
[0808/200525.447:ERROR:process_memory_win.cc(73)] ReadMemory at 0xdf3c018820 of 58 bytes failed: Only part of a ReadProcessMemory or WriteProcessMemory request was completed. (0x12B)
[0808/200525.447:ERROR:process_memory_win.cc(73)] ReadMemory at 0xdf3c0188c0 of 62 bytes failed: Only part of a ReadProcessMemory or WriteProcessMemory request was completed. (0x12B)
[0808/200525.447:ERROR:process_memory_win.cc(73)] ReadMemory at 0xdf3c0189b0 of 64 bytes failed: Only part of a ReadProcessMemory or WriteProcessMemory request was completed. (0x12B)
[0808/200525.447:ERROR:process_memory_win.cc(73)] ReadMemory at 0xdf3c018a50 of 64 bytes failed: Only part of a ReadProcessMemory or WriteProcessMemory request was completed. (0x12B)
[0808/200525.447:ERROR:process_memory_win.cc(73)] ReadMemory at 0xdf3c018aa0 of 64 bytes failed: Only part of a ReadProcessMemory or WriteProcessMemory request was completed. (0x12B)
[0808/200525.447:ERROR:process_memory_win.cc(73)] ReadMemory at 0xdf3c018af0 of 60 bytes failed: Only part of a ReadProcessMemory or WriteProcessMemory request was completed. (0x12B)
[0808/200525.447:ERROR:process_memory_win.cc(73)] ReadMemory at 0xdf3c018be0 of 60 bytes failed: Only part of a ReadProcessMemory or WriteProcessMemory request was completed. (0x12B)
[0808/200525.447:ERROR:process_memory_win.cc(73)] ReadMemory at 0xdf3c018c80 of 64 bytes failed: Only part of a ReadProcessMemory or WriteProcessMemory request was completed. (0x12B)
[0808/200525.447:ERROR:process_memory_win.cc(73)] ReadMemory at 0xdf3c018dc0 of 60 bytes failed: Only part of a ReadProcessMemory or WriteProcessMemory request was completed. (0x12B)
[0808/200525.447:ERROR:process_memory_win.cc(73)] ReadMemory at 0xdf3c018e10 of 62 bytes failed: Only part of a ReadProcessMemory or WriteProcessMemory request was completed. (0x12B)
[0808/200525.447:ERROR:process_memory_win.cc(73)] ReadMemory at 0xdf3c018e60 of 66 bytes failed: Only part of a ReadProcessMemory or WriteProcessMemory request was completed. (0x12B)
[0808/200525.447:ERROR:process_memory_win.cc(73)] ReadMemory at 0xdf3c018eb0 of 60 bytes failed: Only part of a ReadProcessMemory or WriteProcessMemory request was completed. (0x12B)
[0808/200525.447:ERROR:process_memory_win.cc(73)] ReadMemory at 0xdf3c018f00 of 60 bytes failed: Only part of a ReadProcessMemory or WriteProcessMemory request was completed. (0x12B)
[0808/200525.447:ERROR:process_memory_win.cc(73)] ReadMemory at 0xdf3c018f50 of 62 bytes failed: Only part of a ReadProcessMemory or WriteProcessMemory request was completed. (0x12B)
[0808/200525.447:ERROR:process_memory_win.cc(73)] ReadMemory at 0xdf3c018ff0 of 60 bytes failed: Only part of a ReadProcessMemory or WriteProcessMemory request was completed. (0x12B)
[0808/200525.525:ERROR:process_memory_win.cc(73)] ReadMemory at 0xdf3c019090 of 64 bytes failed: Only part of a ReadProcessMemory or WriteProcessMemory request was completed. (0x12B)
[0808/200525.525:ERROR:process_memory_win.cc(73)] ReadMemory at 0xdf3c0190e0 of 62 bytes failed: Only part of a ReadProcessMemory or WriteProcessMemory request was completed. (0x12B)
[0808/200525.525:ERROR:process_memory_win.cc(73)] ReadMemory at 0xdf3c019130 of 64 bytes failed: Only part of a ReadProcessMemory or WriteProcessMemory request was completed. (0x12B)
[0808/200525.525:ERROR:process_memory_win.cc(73)] ReadMemory at 0xdf3c01bbc0 of 54 bytes failed: Only part of a ReadProcessMemory or WriteProcessMemory request was completed. (0x12B)
[0808/200525.525:ERROR:process_memory_win.cc(73)] ReadMemory at 0xdf3c01dd50 of 132 bytes failed: Only part of a ReadProcessMemory or WriteProcessMemory request was completed. (0x12B)
[0808/200525.525:ERROR:process_memory_win.cc(73)] ReadMemory at 0xdf3c01de70 of 146 bytes failed: Only part of a ReadProcessMemory or WriteProcessMemory request was completed. (0x12B)
[0808/200525.525:ERROR:process_memory_win.cc(73)] ReadMemory at 0xdf3c01df30 of 132 bytes failed: Only part of a ReadProcessMemory or WriteProcessMemory request was completed. (0x12B)
[0808/200525.525:ERROR:process_memory_win.cc(73)] ReadMemory at 0xdf3c01e510 of 132 bytes failed: Only part of a ReadProcessMemory or WriteProcessMemory request was completed. (0x12B)
[0808/200525.525:ERROR:process_memory_win.cc(73)] ReadMemory at 0xdf3c01e630 of 132 bytes failed: Only part of a ReadProcessMemory or WriteProcessMemory request was completed. (0x12B)
[0808/200525.525:ERROR:process_memory_win.cc(73)] ReadMemory at 0xdf3c01efd0 of 132 bytes failed: Only part of a ReadProcessMemory or WriteProcessMemory request was completed. (0x12B)
[0808/200525.525:ERROR:process_memory_win.cc(73)] ReadMemory at 0xdf3c01f180 of 132 bytes failed: Only part of a ReadProcessMemory or WriteProcessMemory request was completed. (0x12B)
[0808/200525.525:ERROR:process_memory_win.cc(73)] ReadMemory at 0xdf3c01f2a0 of 132 bytes failed: Only part of a ReadProcessMemory or WriteProcessMemory request was completed. (0x12B)
[0808/200525.525:ERROR:process_memory_win.cc(73)] ReadMemory at 0xdf3c01f590 of 132 bytes failed: Only part of a ReadProcessMemory or WriteProcessMemory request was completed. (0x12B)
[0808/200525.525:ERROR:process_memory_win.cc(73)] ReadMemory at 0xdf3c025390 of 80 bytes failed: Only part of a ReadProcessMemory or WriteProcessMemory request was completed. (0x12B)
[0808/200525.529:ERROR:process_memory_win.cc(73)] ReadMemory at 0xdf3c02aa60 of 132 bytes failed: Only part of a ReadProcessMemory or WriteProcessMemory request was completed. (0x12B)
[0808/200525.529:ERROR:process_memory_win.cc(73)] ReadMemory at 0xdf3c02ab80 of 132 bytes failed: Only part of a ReadProcessMemory or WriteProcessMemory request was completed. (0x12B)
[0808/200525.529:ERROR:process_memory_win.cc(73)] ReadMemory at 0xdf3c02acf0 of 132 bytes failed: Only part of a ReadProcessMemory or WriteProcessMemory request was completed. (0x12B)
[0808/200525.529:ERROR:process_memory_win.cc(73)] ReadMemory at 0xdf3c02ae10 of 132 bytes failed: Only part of a ReadProcessMemory or WriteProcessMemory request was completed. (0x12B)
[0808/200525.529:ERROR:process_memory_win.cc(73)] ReadMemory at 0xdf3c02af30 of 132 bytes failed: Only part of a ReadProcessMemory or WriteProcessMemory request was completed. (0x12B)
[0808/200525.529:ERROR:process_memory_win.cc(73)] ReadMemory at 0xdf3c02b050 of 132 bytes failed: Only part of a ReadProcessMemory or WriteProcessMemory request was completed. (0x12B)
[0808/200525.529:ERROR:process_memory_win.cc(73)] ReadMemory at 0xdf3c02b170 of 132 bytes failed: Only part of a ReadProcessMemory or WriteProcessMemory request was completed. (0x12B)
[0808/200525.529:ERROR:process_memory_win.cc(73)] ReadMemory at 0xdf3c02b290 of 132 bytes failed: Only part of a ReadProcessMemory or WriteProcessMemory request was completed. (0x12B)
[0808/200525.529:ERROR:process_memory_win.cc(73)] ReadMemory at 0xdf3c02b3b0 of 132 bytes failed: Only part of a ReadProcessMemory or WriteProcessMemory request was completed. (0x12B)
[0808/200525.529:ERROR:process_memory_win.cc(73)] ReadMemory at 0xdf3c02b4d0 of 132 bytes failed: Only part of a ReadProcessMemory or WriteProcessMemory request was completed. (0x12B)
[0808/200525.529:ERROR:process_memory_win.cc(73)] ReadMemory at 0xdf3c02b5f0 of 132 bytes failed: Only part of a ReadProcessMemory or WriteProcessMemory request was completed. (0x12B)
[0808/200525.529:ERROR:process_memory_win.cc(73)] ReadMemory at 0xdf3c02b710 of 132 bytes failed: Only part of a ReadProcessMemory or WriteProcessMemory request was completed. (0x12B)
[0808/200525.529:ERROR:process_memory_win.cc(73)] ReadMemory at 0xdf3c02b830 of 132 bytes failed: Only part of a ReadProcessMemory or WriteProcessMemory request was completed. (0x12B)
[0808/200525.529:ERROR:process_memory_win.cc(73)] ReadMemory at 0xdf3c02b950 of 132 bytes failed: Only part of a ReadProcessMemory or WriteProcessMemory request was completed. (0x12B)
[0808/200525.529:ERROR:process_memory_win.cc(73)] ReadMemory at 0xdf3c02ba70 of 132 bytes failed: Only part of a ReadProcessMemory or WriteProcessMemory request was completed. (0x12B)
[0808/200525.529:ERROR:process_memory_win.cc(73)] ReadMemory at 0xdf3c02cf90 of 132 bytes failed: Only part of a ReadProcessMemory or WriteProcessMemory request was completed. (0x12B)
[0808/200525.529:ERROR:process_memory_win.cc(73)] ReadMemory at 0xdf3c02d0b0 of 132 bytes failed: Only part of a ReadProcessMemory or WriteProcessMemory request was completed. (0x12B)
[0808/200525.529:ERROR:process_memory_win.cc(73)] ReadMemory at 0xdf3c02d1d0 of 132 bytes failed: Only part of a ReadProcessMemory or WriteProcessMemory request was completed. (0x12B)
[0808/200525.529:ERROR:process_memory_win.cc(73)] ReadMemory at 0xdf3c02d410 of 132 bytes failed: Only part of a ReadProcessMemory or WriteProcessMemory request was completed. (0x12B)
[0808/200525.529:ERROR:process_memory_win.cc(73)] ReadMemory at 0xdf3c02d770 of 132 bytes failed: Only part of a ReadProcessMemory or WriteProcessMemory request was completed. (0x12B)
[0808/200525.529:ERROR:process_memory_win.cc(73)] ReadMemory at 0xdf3c02dbf0 of 132 bytes failed: Only part of a ReadProcessMemory or WriteProcessMemory request was completed. (0x12B)
[0808/200525.529:ERROR:process_memory_win.cc(73)] ReadMemory at 0xdf3c02dd10 of 132 bytes failed: Only part of a ReadProcessMemory or WriteProcessMemory request was completed. (0x12B)
[0808/200525.529:ERROR:process_memory_win.cc(73)] ReadMemory at 0xdf3c02e3d0 of 132 bytes failed: Only part of a ReadProcessMemory or WriteProcessMemory request was completed. (0x12B)
[0808/200525.529:ERROR:process_memory_win.cc(73)] ReadMemory at 0xdf3c02e970 of 132 bytes failed: Only part of a ReadProcessMemory or WriteProcessMemory request was completed. (0x12B)
[0808/200525.529:ERROR:process_memory_win.cc(73)] ReadMemory at 0xdf3c02ebb0 of 132 bytes failed: Only part of a ReadProcessMemory or WriteProcessMemory request was completed. (0x12B)
[0808/200525.529:ERROR:process_memory_win.cc(73)] ReadMemory at 0xdf3c02efa0 of 58 bytes failed: Only part of a ReadProcessMemory or WriteProcessMemory request was completed. (0x12B)
[0808/200525.529:ERROR:process_memory_win.cc(73)] ReadMemory at 0xdf3c02f090 of 58 bytes failed: Only part of a ReadProcessMemory or WriteProcessMemory request was completed. (0x12B)
[0808/200525.529:ERROR:process_memory_win.cc(73)] ReadMemory at 0xdf3c02fa40 of 60 bytes failed: Only part of a ReadProcessMemory or WriteProcessMemory request was completed. (0x12B)
[0808/200525.529:ERROR:process_memory_win.cc(73)] ReadMemory at 0xdf3c02fcc0 of 58 bytes failed: Only part of a ReadProcessMemory or WriteProcessMemory request was completed. (0x12B)
[0808/200525.529:ERROR:process_memory_win.cc(73)] ReadMemory at 0xdf3c039430 of 512 bytes failed: Only part of a ReadProcessMemory or WriteProcessMemory request was completed. (0x12B)
[0808/200525.529:ERROR:process_memory_win.cc(73)] ReadMemory at 0xdf3c0682c0 of 66 bytes failed: Only part of a ReadProcessMemory or WriteProcessMemory request was completed. (0x12B)
[0808/200525.529:ERROR:process_memory_win.cc(73)] ReadMemory at 0xdf3c06cbf0 of 80 bytes failed: Only part of a ReadProcessMemory or WriteProcessMemory request was completed. (0x12B)
[0808/200525.529:ERROR:process_memory_win.cc(73)] ReadMemory at 0xdf3c07feb0 of 512 bytes failed: Only part of a ReadProcessMemory or WriteProcessMemory request was completed. (0x12B)
[0808/200525.529:ERROR:process_memory_win.cc(73)] ReadMemory at 0xdf3c0838f0 of 512 bytes failed: Only part of a ReadProcessMemory or WriteProcessMemory request was completed. (0x12B)
[0808/200525.529:ERROR:process_memory_win.cc(73)] ReadMemory at 0xdf3c086e38 of 512 bytes failed: Only part of a ReadProcessMemory or WriteProcessMemory request was completed. (0x12B)
[0808/200525.529:ERROR:process_memory_win.cc(73)] ReadMemory at 0xdf3c0930b0 of 512 bytes failed: Only part of a ReadProcessMemory or WriteProcessMemory request was completed. (0x12B)
[0808/200525.529:ERROR:process_memory_win.cc(73)] ReadMemory at 0xdf3c095dd0 of 512 bytes failed: Only part of a ReadProcessMemory or WriteProcessMemory request was completed. (0x12B)
[0808/200525.529:ERROR:process_memory_win.cc(73)] ReadMemory at 0xdf3c0a4190 of 712 bytes failed: Only part of a ReadProcessMemory or WriteProcessMemory request was completed. (0x12B)
[0808/200525.529:ERROR:process_memory_win.cc(73)] ReadMemory at 0xdf3c0a60f8 of 512 bytes failed: Only part of a ReadProcessMemory or WriteProcessMemory request was completed. (0x12B)
[0808/200525.529:ERROR:process_memory_win.cc(73)] ReadMemory at 0xdf3c0bd930 of 512 bytes failed: Only part of a ReadProcessMemory or WriteProcessMemory request was completed. (0x12B)
[0808/200525.529:ERROR:process_memory_win.cc(73)] ReadMemory at 0xdf3c0e9cd0 of 512 bytes failed: Only part of a ReadProcessMemory or WriteProcessMemory request was completed. (0x12B)
[0808/200525.529:ERROR:process_memory_win.cc(73)] ReadMemory at 0xdf3c1f0000 of 680 bytes failed: Only part of a ReadProcessMemory or WriteProcessMemory request was completed. (0x12B)
[0808/200525.529:ERROR:process_memory_win.cc(73)] ReadMemory at 0xdf408edf10 of 512 bytes failed: Only part of a ReadProcessMemory or WriteProcessMemory request was completed. (0x12B)
[0808/200525.533:ERROR:process_memory_win.cc(73)] ReadMemory at 0xdf408f3020 of 512 bytes failed: Only part of a ReadProcessMemory or WriteProcessMemory request was completed. (0x12B)
[0808/200525.533:ERROR:process_memory_win.cc(73)] ReadMemory at 0xdf4090aa00 of 512 bytes failed: Only part of a ReadProcessMemory or WriteProcessMemory request was completed. (0x12B)
[0808/200525.533:ERROR:process_memory_win.cc(73)] ReadMemory at 0xdf40918990 of 512 bytes failed: Only part of a ReadProcessMemory or WriteProcessMemory request was completed. (0x12B)
[0808/200525.533:ERROR:process_memory_win.cc(73)] ReadMemory at 0xdf409199a0 of 512 bytes failed: Only part of a ReadProcessMemory or WriteProcessMemory request was completed. (0x12B)
[0808/200525.533:ERROR:process_memory_win.cc(73)] ReadMemory at 0xdf4096de38 of 512 bytes failed: Only part of a ReadProcessMemory or WriteProcessMemory request was completed. (0x12B)
[0808/200525.537:ERROR:process_memory_win.cc(73)] ReadMemory at 0x7ff7da2f2000 of 6024 bytes failed: Only part of a ReadProcessMemory or WriteProcessMemory request was completed. (0x12B)
[0808/200525.537:ERROR:process_memory_win.cc(73)] ReadMemory at 0x7ff7da2f4000 of 6024 bytes failed: Only part of a ReadProcessMemory or WriteProcessMemory request was completed. (0x12B)
[0808/200525.537:ERROR:process_memory_win.cc(73)] ReadMemory at 0x7ff7da2f6000 of 6024 bytes failed: Only part of a ReadProcessMemory or WriteProcessMemory request was completed. (0x12B)
[0808/200525.537:ERROR:process_memory_win.cc(73)] ReadMemory at 0x7ff7da2f8000 of 6024 bytes failed: Only part of a ReadProcessMemory or WriteProcessMemory request was completed. (0x12B)
[0808/200525.537:ERROR:process_memory_win.cc(73)] ReadMemory at 0x7ff7da2fa000 of 6024 bytes failed: Only part of a ReadProcessMemory or WriteProcessMemory request was completed. (0x12B)
[0808/200525.537:ERROR:process_memory_win.cc(73)] ReadMemory at 0x7ff7da2fc000 of 6024 bytes failed: Only part of a ReadProcessMemory or WriteProcessMemory request was completed. (0x12B)
[0808/200525.537:ERROR:process_memory_win.cc(73)] ReadMemory at 0x7ff7da2fe000 of 6024 bytes failed: Only part of a ReadProcessMemory or WriteProcessMemory request was completed. (0x12B)
[0808/200525.537:ERROR:process_memory_win.cc(73)] ReadMemory at 0x7ff7da423000 of 6024 bytes failed: Only part of a ReadProcessMemory or WriteProcessMemory request was completed. (0x12B)
[0808/200525.541:ERROR:process_memory_win.cc(73)] ReadMemory at 0x7ff7da425000 of 6024 bytes failed: Only part of a ReadProcessMemory or WriteProcessMemory request was completed. (0x12B)
[0808/200525.541:ERROR:process_memory_win.cc(73)] ReadMemory at 0x7ff7da427000 of 6024 bytes failed: Only part of a ReadProcessMemory or WriteProcessMemory request was completed. (0x12B)
[0808/200525.541:ERROR:process_memory_win.cc(73)] ReadMemory at 0x7ff7da429000 of 6024 bytes failed: Only part of a ReadProcessMemory or WriteProcessMemory request was completed. (0x12B)
[0808/200525.541:ERROR:process_memory_win.cc(73)] ReadMemory at 0x7ff7da42b000 of 6024 bytes failed: Only part of a ReadProcessMemory or WriteProcessMemory request was completed. (0x12B)
[0808/200525.756:ERROR:process_memory_win.cc(73)] ReadMemory at 0x7ff7da42d000 of 852 bytes failed: Only part of a ReadProcessMemory or WriteProcessMemory request was completed. (0x12B)
[0808/200525.756:ERROR:process_memory_win.cc(73)] ReadMemory at 0x7ff7da42e000 of 6024 bytes failed: Only part of a ReadProcessMemory or WriteProcessMemory request was completed. (0x12B)
[0808/200525.760:ERROR:process_memory_win.cc(73)] ReadMemory at 0x7ffcd3ac79b3 of 512 bytes failed: Only part of a ReadProcessMemory or WriteProcessMemory request was completed. (0x12B)
[0808/200525.760:ERROR:process_memory_win.cc(73)] ReadMemory at 0x7ffcd3ac81a0 of 512 bytes failed: Only part of a ReadProcessMemory or WriteProcessMemory request was completed. (0x12B)
[0808/200525.760:ERROR:process_memory_win.cc(73)] ReadMemory at 0x7ffcea5d5750 of 512 bytes failed: Only part of a ReadProcessMemory or WriteProcessMemory request was completed. (0x12B)
[0808/200525.760:ERROR:process_memory_win.cc(73)] ReadMemory at 0x7ffcea5d95e0 of 18 bytes failed: Only part of a ReadProcessMemory or WriteProcessMemory request was completed. (0x12B)
[0808/200525.760:ERROR:process_memory_win.cc(73)] ReadMemory at 0x7ffcea5ec7e0 of 512 bytes failed: Only part of a ReadProcessMemory or WriteProcessMemory request was completed. (0x12B)
[0808/200525.760:ERROR:process_memory_win.cc(73)] ReadMemory at 0x7ffcea60a850 of 512 bytes failed: Only part of a ReadProcessMemory or WriteProcessMemory request was completed. (0x12B)
[0808/200525.760:ERROR:process_memory_win.cc(73)] ReadMemory at 0x7ffcea6606ca of 592 bytes failed: Only part of a ReadProcessMemory or WriteProcessMemory request was completed. (0x12B)
[0808/200525.760:ERROR:process_memory_win.cc(73)] ReadMemory at 0x7ffcea66214a of 560 bytes failed: Only part of a ReadProcessMemory or WriteProcessMemory request was completed. (0x12B)
[0808/200525.760:ERROR:process_memory_win.cc(73)] ReadMemory at 0x7ffcea6646cb of 512 bytes failed: Only part of a ReadProcessMemory or WriteProcessMemory request was completed. (0x12B)
[0808/200525.760:ERROR:process_memory_win.cc(73)] ReadMemory at 0x7ffcea6fe8a8 of 40 bytes failed: Only part of a ReadProcessMemory or WriteProcessMemory request was completed. (0x12B)
[0808/200525.760:ERROR:process_memory_win.cc(73)] ReadMemory at 0x7ffcea6febe0 of 48 bytes failed: Only part of a ReadProcessMemory or WriteProcessMemory request was completed. (0x12B)
[0808/200525.760:ERROR:process_memory_win.cc(73)] ReadMemory at 0x7ffcea701320 of 64 bytes failed: Only part of a ReadProcessMemory or WriteProcessMemory request was completed. (0x12B)
[0808/200526.604:ERROR:scoped_process_suspend.cc(40)] NtResumeProcess: An attempt was made to access an exiting process. (0xc000010a)
[0808/203810.451:ERROR:process_reader_win.cc(123)] NtOpenThread: {Access Denied} A process has requested access to an object, but has not been granted those access rights. (0xc0000022)
[0808/203810.523:ERROR:exception_snapshot_win.cc(98)] thread ID 6044 not found in process
[0808/203811.110:ERROR:process_reader_win.cc(123)] NtOpenThread: {Access Denied} A process has requested access to an object, but has not been granted those access rights. (0xc0000022)
[0808/203811.110:ERROR:exception_snapshot_win.cc(98)] thread ID 9044 not found in process
[0808/203811.126:ERROR:process_reader_win.cc(123)] NtOpenThread: {Access Denied} A process has requested access to an object, but has not been granted those access rights. (0xc0000022)
[0808/203811.126:ERROR:exception_snapshot_win.cc(98)] thread ID 9024 not found in process
[0808/203811.126:ERROR:process_reader_win.cc(123)] NtOpenThread: {Access Denied} A process has requested access to an object, but has not been granted those access rights. (0xc0000022)
[0808/203811.126:ERROR:exception_snapshot_win.cc(98)] thread ID 7280 not found in process
